<?xml version="1.0" encoding="UTF-8"?>
<robot generator="Robot 5.0.1 (Python 3.8.10 on linux)" generated="20220922 01:39:07.824" rpa="false" schemaversion="3">
<suite id="s1" name="Test" source="/home/tan/Desktop/QA/robot/test.robot">
<test id="s1-t1" name="Open Deriv" line="7">
<kw name="Open Browser" library="SeleniumLibrary">
<arg>https://www.deriv.com</arg>
<arg>chrome</arg>
<doc>Opens a new browser instance to the optional ``url``.</doc>
<msg timestamp="20220922 01:39:07.920" level="INFO">Opening browser 'chrome' to base url 'https://www.deriv.com'.</msg>
<status status="PASS" starttime="20220922 01:39:07.920" endtime="20220922 01:39:09.374"/>
</kw>
<kw name="Close Browser" library="SeleniumLibrary">
<doc>Closes the current browser.</doc>
<status status="PASS" starttime="20220922 01:39:09.374" endtime="20220922 01:39:09.430"/>
</kw>
<status status="PASS" starttime="20220922 01:39:07.919" endtime="20220922 01:39:09.431"/>
</test>
<status status="PASS" starttime="20220922 01:39:07.824" endtime="20220922 01:39:09.432"/>
</suite>
<statistics>
<total>
<stat pass="1" fail="0" skip="0">All Tests</stat>
</total>
<tag>
</tag>
<suite>
<stat pass="1" fail="0" skip="0" id="s1" name="Test">Test</stat>
</suite>
</statistics>
<errors>
</errors>
</robot>
